# JRE version: Java(TM) SE Runtime Environment (8.0_171-b11) (build 1.8.0_171-b11)
# Java VM: Java HotSpot(TM) 64-Bit Server VM (25.171-b11 mixed mode windows-amd64 compressed oops)
Heap:
 PSYoungGen      total 165888K, used 125119K [0x00000000eab00000, 0x00000000f7580000, 0x0000000100000000)
  eden space 162304K, 74% used [0x00000000eab00000,0x00000000f21da578,0x00000000f4980000)
  from space 3584K, 95% used [0x00000000f4e00000,0x00000000f51557b0,0x00000000f5180000)
  to   space 22528K, 0% used [0x00000000f5f80000,0x00000000f5f80000,0x00000000f7580000)
 ParOldGen       total 150016K, used 36016K [0x00000000c0000000, 0x00000000c9280000, 0x00000000eab00000)
  object space 150016K, 24% used [0x00000000c0000000,0x00000000c232c0a8,0x00000000c9280000)
 Metaspace       used 58256K, capacity 60366K, committed 60584K, reserved 1101824K
  class space    used 7803K, capacity 8298K, committed 8368K, reserved 1048576K
GC Heap History (10 events):
Event: 8.421 GC heap before
{Heap before GC invocations=10 (full 2):
 PSYoungGen      total 112640K, used 100864K [0x00000000eab00000, 0x00000000f5580000, 0x0000000100000000)
  eden space 100864K, 100% used [0x00000000eab00000,0x00000000f0d80000,0x00000000f0d80000)
  from space 11776K, 0% used [0x00000000f0d80000,0x00000000f0d80000,0x00000000f1900000)
  to   space 11776K, 0% used [0x00000000f4a00000,0x00000000f4a00000,0x00000000f5580000)
 ParOldGen       total 96768K, used 15218K [0x00000000c0000000, 0x00000000c5e80000, 0x00000000eab00000)
  object space 96768K, 15% used [0x00000000c0000000,0x00000000c0edca00,0x00000000c5e80000)
 Metaspace       used 39233K, capacity 39988K, committed 40104K, reserved 1083392K
  class space    used 5450K, capacity 5704K, committed 5808K, reserved 1048576K
Event: 8.432 GC heap after
Heap after GC invocations=10 (full 2):
 PSYoungGen      total 152064K, used 11157K [0x00000000eab00000, 0x00000000f5500000, 0x0000000100000000)
  eden space 140800K, 0% used [0x00000000eab00000,0x00000000eab00000,0x00000000f3480000)
  from space 11264K, 99% used [0x00000000f4a00000,0x00000000f54e55d8,0x00000000f5500000)
  to   space 12800K, 0% used [0x00000000f3c00000,0x00000000f3c00000,0x00000000f4880000)
 ParOldGen       total 96768K, used 15218K [0x00000000c0000000, 0x00000000c5e80000, 0x00000000eab00000)
  object space 96768K, 15% used [0x00000000c0000000,0x00000000c0edca00,0x00000000c5e80000)
 Metaspace       used 39233K, capacity 39988K, committed 40104K, reserved 1083392K
  class space    used 5450K, capacity 5704K, committed 5808K, reserved 1048576K
}
Event: 13.632 GC heap before
{Heap before GC invocations=11 (full 2):
 PSYoungGen      total 152064K, used 151957K [0x00000000eab00000, 0x00000000f5500000, 0x0000000100000000)
  eden space 140800K, 100% used [0x00000000eab00000,0x00000000f3480000,0x00000000f3480000)
  from space 11264K, 99% used [0x00000000f4a00000,0x00000000f54e55d8,0x00000000f5500000)
  to   space 12800K, 0% used [0x00000000f3c00000,0x00000000f3c00000,0x00000000f4880000)
 ParOldGen       total 96768K, used 15218K [0x00000000c0000000, 0x00000000c5e80000, 0x00000000eab00000)
  object space 96768K, 15% used [0x00000000c0000000,0x00000000c0edca00,0x00000000c5e80000)
 Metaspace       used 51140K, capacity 52696K, committed 52904K, reserved 1095680K
  class space    used 7165K, capacity 7579K, committed 7600K, reserved 1048576K
Event: 13.648 GC heap after
Heap after GC invocations=11 (full 2):
 PSYoungGen      total 161280K, used 12774K [0x00000000eab00000, 0x00000000f7580000, 0x0000000100000000)
  eden space 148480K, 0% used [0x00000000eab00000,0x00000000eab00000,0x00000000f3c00000)
  from space 12800K, 99% used [0x00000000f3c00000,0x00000000f4879bd8,0x00000000f4880000)
  to   space 18432K, 0% used [0x00000000f6380000,0x00000000f6380000,0x00000000f7580000)
 ParOldGen       total 96768K, used 24911K [0x00000000c0000000, 0x00000000c5e80000, 0x00000000eab00000)
  object space 96768K, 25% used [0x00000000c0000000,0x00000000c1853ec8,0x00000000c5e80000)
 Metaspace       used 51140K, capacity 52696K, committed 52904K, reserved 1095680K
  class space    used 7165K, capacity 7579K, committed 7600K, reserved 1048576K
}
Event: 114.023 GC heap before
{Heap before GC invocations=12 (full 2):
 PSYoungGen      total 161280K, used 135446K [0x00000000eab00000, 0x00000000f7580000, 0x0000000100000000)
  eden space 148480K, 82% used [0x00000000eab00000,0x00000000f22cbd98,0x00000000f3c00000)
  from space 12800K, 99% used [0x00000000f3c00000,0x00000000f4879bd8,0x00000000f4880000)
  to   space 18432K, 0% used [0x00000000f6380000,0x00000000f6380000,0x00000000f7580000)
 ParOldGen       total 96768K, used 24911K [0x00000000c0000000, 0x00000000c5e80000, 0x00000000eab00000)
  object space 96768K, 25% used [0x00000000c0000000,0x00000000c1853ec8,0x00000000c5e80000)
 Metaspace       used 57177K, capacity 59102K, committed 59160K, reserved 1099776K
  class space    used 7736K, capacity 8192K, committed 8240K, reserved 1048576K
Event: 114.044 GC heap after
Heap after GC invocations=12 (full 2):
 PSYoungGen      total 185344K, used 18406K [0x00000000eab00000, 0x00000000f8080000, 0x0000000100000000)
  eden space 166912K, 0% used [0x00000000eab00000,0x00000000eab00000,0x00000000f4e00000)
  from space 18432K, 99% used [0x00000000f6380000,0x00000000f7579bf8,0x00000000f7580000)
  to   space 22016K, 0% used [0x00000000f4e00000,0x00000000f4e00000,0x00000000f6380000)
 ParOldGen       total 96768K, used 29202K [0x00000000c0000000, 0x00000000c5e80000, 0x00000000eab00000)
  object space 96768K, 30% used [0x00000000c0000000,0x00000000c1c84b90,0x00000000c5e80000)
 Metaspace       used 57177K, capacity 59102K, committed 59160K, reserved 1099776K
  class space    used 7736K, capacity 8192K, committed 8240K, reserved 1048576K
}
Event: 114.044 GC heap before
{Heap before GC invocations=13 (full 3):
 PSYoungGen      total 185344K, used 18406K [0x00000000eab00000, 0x00000000f8080000, 0x0000000100000000)
  eden space 166912K, 0% used [0x00000000eab00000,0x00000000eab00000,0x00000000f4e00000)
  from space 18432K, 99% used [0x00000000f6380000,0x00000000f7579bf8,0x00000000f7580000)
  to   space 22016K, 0% used [0x00000000f4e00000,0x00000000f4e00000,0x00000000f6380000)
 ParOldGen       total 96768K, used 29202K [0x00000000c0000000, 0x00000000c5e80000, 0x00000000eab00000)
  object space 96768K, 30% used [0x00000000c0000000,0x00000000c1c84b90,0x00000000c5e80000)
 Metaspace       used 57177K, capacity 59102K, committed 59160K, reserved 1099776K
  class space    used 7736K, capacity 8192K, committed 8240K, reserved 1048576K
Event: 114.222 GC heap after
Heap after GC invocations=13 (full 3):
 PSYoungGen      total 185344K, used 0K [0x00000000eab00000, 0x00000000f8080000, 0x0000000100000000)
  eden space 166912K, 0% used [0x00000000eab00000,0x00000000eab00000,0x00000000f4e00000)
  from space 18432K, 0% used [0x00000000f6380000,0x00000000f6380000,0x00000000f7580000)
  to   space 22016K, 0% used [0x00000000f4e00000,0x00000000f4e00000,0x00000000f6380000)
 ParOldGen       total 150016K, used 36008K [0x00000000c0000000, 0x00000000c9280000, 0x00000000eab00000)
  object space 150016K, 24% used [0x00000000c0000000,0x00000000c232a0a8,0x00000000c9280000)
 Metaspace       used 57177K, capacity 59102K, committed 59160K, reserved 1099776K
  class space    used 7736K, capacity 8192K, committed 8240K, reserved 1048576K
}
Event: 5112.096 GC heap before
{Heap before GC invocations=14 (full 3):
 PSYoungGen      total 185344K, used 166912K [0x00000000eab00000, 0x00000000f8080000, 0x0000000100000000)
  eden space 166912K, 100% used [0x00000000eab00000,0x00000000f4e00000,0x00000000f4e00000)
  from space 18432K, 0% used [0x00000000f6380000,0x00000000f6380000,0x00000000f7580000)
  to   space 22016K, 0% used [0x00000000f4e00000,0x00000000f4e00000,0x00000000f6380000)
 ParOldGen       total 150016K, used 36008K [0x00000000c0000000, 0x00000000c9280000, 0x00000000eab00000)
  object space 150016K, 24% used [0x00000000c0000000,0x00000000c232a0a8,0x00000000c9280000)
 Metaspace       used 58144K, capacity 60220K, committed 60328K, reserved 1101824K
  class space    used 7800K, capacity 8295K, committed 8368K, reserved 1048576K
Event: 5112.140 GC heap after
Heap after GC invocations=14 (full 3):
 PSYoungGen      total 165888K, used 3413K [0x00000000eab00000, 0x00000000f7580000, 0x0000000100000000)
  eden space 162304K, 0% used [0x00000000eab00000,0x00000000eab00000,0x00000000f4980000)
  from space 3584K, 95% used [0x00000000f4e00000,0x00000000f51557b0,0x00000000f5180000)
  to   space 22528K, 0% used [0x00000000f5f80000,0x00000000f5f80000,0x00000000f7580000)
 ParOldGen       total 150016K, used 36016K [0x00000000c0000000, 0x00000000c9280000, 0x00000000eab00000)
  object space 150016K, 24% used [0x00000000c0000000,0x00000000c232c0a8,0x00000000c9280000)
 Metaspace       used 58144K, capacity 60220K, committed 60328K, reserved 1101824K
  class space    used 7800K, capacity 8295K, committed 8368K, reserved 1048576K
}

